{
  "RSpec": {
    "coverage": {
      "/mnt/d/Projects/Avion/Final Project/dandyleon/dandyleon_core/config/environment.rb": {
        "lines": [
          null,
          1,
          null,
          null,
          1
        ]
      },
      "/mnt/d/Projects/Avion/Final Project/dandyleon/dandyleon_core/config/application.rb": {
        "lines": [
          1,
          null,
          1,
          null,
          null,
          null,
          1,
          null,
          1,
          1,
          null,
          1,
          null,
          null,
          null,
          null,
          null,
          null,
          null,
          null,
          null,
          null
        ]
      },
      "/mnt/d/Projects/Avion/Final Project/dandyleon/dandyleon_core/config/boot.rb": {
        "lines": [
          1,
          null,
          1,
          1
        ]
      },
      "/mnt/d/Projects/Avion/Final Project/dandyleon/dandyleon_core/config/environments/test.rb": {
        "lines": [
          1,
          null,
          null,
          null,
          null,
          null,
          null,
          1,
          null,
          null,
          null,
          1,
          null,
          null,
          null,
          null,
          1,
          null,
          null,
          1,
          1,
          null,
          null,
          null,
          null,
          1,
          1,
          1,
          null,
          null,
          1,
          null,
          null,
          1,
          null,
          null,
          1,
          null,
          1,
          null,
          null,
          null,
          null,
          1,
          null,
          null,
          1,
          null,
          null,
          1,
          null,
          null,
          1,
          null,
          null,
          null,
          null,
          null,
          null,
          null
        ]
      },
      "/mnt/d/Projects/Avion/Final Project/dandyleon/dandyleon_core/config/initializers/assets.rb": {
        "lines": [
          null,
          null,
          null,
          1,
          null,
          null,
          null,
          null,
          null,
          null,
          null,
          null
        ]
      },
      "/mnt/d/Projects/Avion/Final Project/dandyleon/dandyleon_core/config/initializers/content_security_policy.rb": {
        "lines": [
          null,
          null,
          null,
          null,
          null,
          null,
          null,
          null,
          null,
          null,
          null,
          null,
          null,
          null,
          null,
          null,
          null,
          null,
          null,
          null,
          null,
          null,
          null,
          null,
          null
        ]
      },
      "/mnt/d/Projects/Avion/Final Project/dandyleon/dandyleon_core/config/initializers/filter_parameter_logging.rb": {
        "lines": [
          null,
          null,
          null,
          null,
          null,
          1,
          null,
          null
        ]
      },
      "/mnt/d/Projects/Avion/Final Project/dandyleon/dandyleon_core/config/initializers/inflections.rb": {
        "lines": [
          null,
          null,
          null,
          null,
          null,
          null,
          null,
          null,
          null,
          null,
          null,
          null,
          null,
          null,
          null,
          null
        ]
      },
      "/mnt/d/Projects/Avion/Final Project/dandyleon/dandyleon_core/config/initializers/permissions_policy.rb": {
        "lines": [
          null,
          null,
          null,
          null,
          null,
          null,
          null,
          null,
          null,
          null,
          null
        ]
      },
      "/mnt/d/Projects/Avion/Final Project/dandyleon/dandyleon_core/config/routes.rb": {
        "lines": [
          1,
          null,
          null,
          null,
          null,
          null,
          1,
          1,
          null,
          1,
          1,
          null,
          1,
          1,
          1,
          1,
          null,
          null,
          1,
          1,
          1,
          1,
          null,
          null,
          null,
          null,
          1,
          null
        ]
      },
      "/mnt/d/Projects/Avion/Final Project/dandyleon/dandyleon_core/app/helpers/application_helper.rb": {
        "lines": [
          1,
          null
        ]
      },
      "/mnt/d/Projects/Avion/Final Project/dandyleon/dandyleon_core/app/controllers/api/v1/categories_controller.rb": {
        "lines": [
          1,
          1,
          1,
          1,
          null,
          null,
          1,
          null,
          1,
          1,
          0,
          0,
          null,
          null,
          null,
          null,
          1,
          null,
          2,
          2,
          0,
          0,
          null,
          null,
          null,
          null,
          null,
          1,
          null,
          5,
          5,
          4,
          null,
          1,
          null,
          0,
          0,
          null,
          null,
          null,
          null,
          1,
          null,
          null,
          0,
          0,
          0,
          null,
          0,
          null,
          null,
          null,
          null,
          null,
          null,
          1,
          null,
          1,
          5,
          null,
          null,
          null,
          null
        ]
      },
      "/mnt/d/Projects/Avion/Final Project/dandyleon/dandyleon_core/app/controllers/application_controller.rb": {
        "lines": [
          1,
          null
        ]
      },
      "/mnt/d/Projects/Avion/Final Project/dandyleon/dandyleon_core/app/models/Category.rb": {
        "lines": [
          1,
          1,
          null,
          1,
          null
        ]
      },
      "/mnt/d/Projects/Avion/Final Project/dandyleon/dandyleon_core/app/models/application_record.rb": {
        "lines": [
          1,
          1,
          null,
          null,
          null,
          null,
          null,
          null
        ]
      },
      "/mnt/d/Projects/Avion/Final Project/dandyleon/dandyleon_core/app/models/category/Generate.rb": {
        "lines": [
          1,
          1,
          1,
          5,
          4,
          4,
          4,
          null,
          null,
          1,
          0,
          0,
          null,
          null,
          null
        ]
      },
      "/mnt/d/Projects/Avion/Final Project/dandyleon/dandyleon_core/app/controllers/api/v1/products_controller.rb": {
        "lines": [
          1,
          1,
          1,
          1,
          null,
          1,
          null,
          1,
          1,
          0,
          0,
          null,
          null,
          null,
          1,
          null,
          0,
          0,
          0,
          0,
          null,
          null,
          null,
          1,
          null,
          1,
          1,
          1,
          null,
          0,
          null,
          null,
          null,
          null,
          null,
          null,
          1,
          null,
          null,
          1,
          null,
          1,
          1,
          null,
          null,
          null,
          null
        ]
      },
      "/mnt/d/Projects/Avion/Final Project/dandyleon/dandyleon_core/app/models/Product.rb": {
        "lines": [
          1,
          1,
          1,
          1,
          null
        ]
      },
      "/mnt/d/Projects/Avion/Final Project/dandyleon/dandyleon_core/app/models/product/Generate.rb": {
        "lines": [
          1,
          1,
          1,
          1,
          1,
          1,
          1,
          1,
          null,
          null,
          1,
          0,
          0,
          null,
          null,
          null
        ]
      },
      "/mnt/d/Projects/Avion/Final Project/dandyleon/dandyleon_core/app/controllers/sessions_controller.rb": {
        "lines": [
          1,
          1,
          null,
          1,
          null,
          4,
          null,
          4,
          3,
          null,
          1,
          null,
          0,
          0,
          null,
          null,
          null,
          1,
          null,
          2,
          2,
          1,
          1,
          1,
          null,
          1,
          null,
          0,
          0,
          null,
          null,
          null,
          1,
          null,
          null,
          1,
          null,
          null,
          1,
          1,
          6,
          null,
          null
        ]
      },
      "/mnt/d/Projects/Avion/Final Project/dandyleon/dandyleon_core/app/models/Session.rb": {
        "lines": [
          1,
          null
        ]
      },
      "/mnt/d/Projects/Avion/Final Project/dandyleon/dandyleon_core/app/models/session/Process.rb": {
        "lines": [
          1,
          1,
          1,
          null,
          4,
          4,
          4,
          4,
          4,
          null,
          3,
          null,
          null,
          null,
          null,
          null,
          null,
          null,
          null,
          null,
          3,
          3,
          null,
          null,
          null,
          null,
          null,
          3,
          null,
          3,
          0,
          0,
          0,
          null,
          null,
          null,
          0,
          null,
          null,
          null,
          1,
          2,
          null,
          null,
          null,
          null,
          null,
          2,
          null,
          2,
          null,
          2,
          null,
          1,
          1,
          1,
          null,
          1,
          1,
          1,
          null,
          null,
          null,
          1,
          null,
          null,
          null,
          null,
          null,
          null
        ]
      },
      "/mnt/d/Projects/Avion/Final Project/dandyleon/dandyleon_core/app/models/User.rb": {
        "lines": [
          1,
          1,
          1,
          1,
          null
        ]
      },
      "/mnt/d/Projects/Avion/Final Project/dandyleon/dandyleon_core/app/models/Account.rb": {
        "lines": [
          1,
          1,
          null
        ]
      },
      "/mnt/d/Projects/Avion/Final Project/dandyleon/dandyleon_core/app/models/helpers.rb": {
        "lines": [
          1,
          1,
          255,
          null,
          null
        ]
      }
    },
    "timestamp": 1684222870
  }
}
